[debug] [2023-03-05T12:38:53.301Z] ----------------------------------------------------------------------
[debug] [2023-03-05T12:38:53.304Z] Command:       C:\Program Files\nodejs\node.exe C:\Users\mtugu\workspace\tutorial\225-github-actions-demo\node_modules\firebase-tools\lib\bin\firebase.js deploy --token $FIREBASE_TOKEN --only hosting
[debug] [2023-03-05T12:38:53.304Z] CLI Version:   7.14.0
[debug] [2023-03-05T12:38:53.304Z] Platform:      win32
[debug] [2023-03-05T12:38:53.304Z] Node Version:  v18.12.1
[debug] [2023-03-05T12:38:53.306Z] Time:          Sun Mar 05 2023 20:38:53 GMT+0800 (Ulaanbaatar Standard Time)
[debug] [2023-03-05T12:38:53.306Z] ----------------------------------------------------------------------
[debug] [2023-03-05T12:38:53.306Z] 
[debug] [2023-03-05T12:38:53.321Z] > command requires scopes: ["email","openid","https://www.googleapis.com/auth/cloudplatformprojects.readonly","https://www.googleapis.com/auth/firebase","https://www.googleapis.com/auth/cloud-platform"]
[debug] [2023-03-05T12:38:53.322Z] > authorizing via --token option
[debug] [2023-03-05T12:38:53.322Z] [iam] checking project fireship-lessons for permissions ["firebase.projects.get","firebasehosting.sites.update"]
[debug] [2023-03-05T12:38:53.324Z] > refreshing access token with scopes: ["email","openid","https://www.googleapis.com/auth/cloudplatformprojects.readonly","https://www.googleapis.com/auth/firebase","https://www.googleapis.com/auth/cloud-platform"]
[debug] [2023-03-05T12:38:53.324Z] >>> HTTP REQUEST POST https://www.googleapis.com/oauth2/v3/token  
 <request body omitted>
[debug] [2023-03-05T12:38:54.185Z] <<< HTTP RESPONSE 400
[debug] [2023-03-05T12:38:54.188Z] >>> HTTP REQUEST POST https://cloudresourcemanager.googleapis.com/v1/projects/fireship-lessons:testIamPermissions  

[debug] [2023-03-05T12:38:55.232Z] <<< HTTP RESPONSE 401
[debug] [2023-03-05T12:38:55.232Z] <<< HTTP RESPONSE BODY
[debug] [2023-03-05T12:38:55.233Z] [iam] error while checking permissions, command may fail: FirebaseError: HTTP Error: 401, Request had invalid authentication credentials. Expected OAuth 2 access token, login cookie or other valid authentication credential. See https://developers.google.com/identity/sign-in/web/devconsole-project.
[debug] [2023-03-05T12:38:55.234Z] > refreshing access token with scopes: ["email","openid","https://www.googleapis.com/auth/cloudplatformprojects.readonly","https://www.googleapis.com/auth/firebase","https://www.googleapis.com/auth/cloud-platform"]
[debug] [2023-03-05T12:38:55.234Z] >>> HTTP REQUEST POST https://www.googleapis.com/oauth2/v3/token  
 <request body omitted>
[debug] [2023-03-05T12:38:55.995Z] <<< HTTP RESPONSE 400
[debug] [2023-03-05T12:38:55.996Z] >>> HTTP REQUEST GET https://firebase.googleapis.com/v1beta1/projects/fireship-lessons  
 
[debug] [2023-03-05T12:38:56.830Z] <<< HTTP RESPONSE 401
[debug] [2023-03-05T12:38:56.830Z] <<< HTTP RESPONSE BODY
[debug] [2023-03-05T12:38:56.831Z] HTTP Error: 401, Request had invalid authentication credentials. Expected OAuth 2 access token, login cookie or other valid authentication credential. See https://developers.google.com/identity/sign-in/web/devconsole-project.
[debug] [2023-03-05T12:38:56.832Z] FirebaseError: HTTP Error: 401, Request had invalid authentication credentials. Expected OAuth 2 access token, login cookie or other valid authentication credential. See https://developers.google.com/identity/sign-in/web/devconsole-project.
    at module.exports (C:\Users\mtugu\workspace\tutorial\225-github-actions-demo\node_modules\firebase-tools\lib\responseToError.js:38:12)
    at Request._callback (C:\Users\mtugu\workspace\tutorial\225-github-actions-demo\node_modules\firebase-tools\lib\api.js:39:35)
    at self.callback (C:\Users\mtugu\workspace\tutorial\225-github-actions-demo\node_modules\request\request.js:185:22)
    at Request.emit (node:events:513:28)
    at Request.emit (node:domain:489:12)
    at Request.<anonymous> (C:\Users\mtugu\workspace\tutorial\225-github-actions-demo\node_modules\request\request.js:1154:10)
    at Request.emit (node:events:513:28)
    at Request.emit (node:domain:489:12)
    at IncomingMessage.<anonymous> (C:\Users\mtugu\workspace\tutorial\225-github-actions-demo\node_modules\request\request.js:1076:12)
    at Object.onceWrapper (node:events:627:28)
    at IncomingMessage.emit (node:events:525:35)
    at IncomingMessage.emit (node:domain:489:12)
    at endReadableNT (node:internal/streams/readable:1359:12)
    at process.processTicksAndRejections (node:internal/process/task_queues:82:21)
[error] 
[error] Error: Failed to get Firebase project fireship-lessons. Please make sure the project exists and your account has permission to access it.
